04-22 15:27:58 com_github_MitjaNemec_ReplicateLayout.action_replicate_layout 359:Plugin executed on: 'win32'
04-22 15:27:58 com_github_MitjaNemec_ReplicateLayout.action_replicate_layout 360:Plugin executed with python version: '3.9.14 (main, Dec 23 2022, 23:36:19) [MSC v.1934 64 bit (AMD64)]'
04-22 15:27:58 com_github_MitjaNemec_ReplicateLayout.action_replicate_layout 361:KiCad build version: (7.0.0)
04-22 15:27:58 com_github_MitjaNemec_ReplicateLayout.action_replicate_layout 362:Plugin version: 2.0.9
04-22 15:27:58 com_github_MitjaNemec_ReplicateLayout.action_replicate_layout 363:Frame repr: <wx._core.Frame object at 0x0000025B9E725430>
04-22 15:27:58 com_github_MitjaNemec_ReplicateLayout.action_replicate_layout 387:Preparing replicator with D7 as a reference
04-22 15:27:58 com_github_MitjaNemec_ReplicateLayout.replicate_layout 113:getting a list of all footprints on board
04-22 15:27:58 com_github_MitjaNemec_ReplicateLayout.replicate_layout 132:Footprint MTH3 does not have Sheetfile property, it will not be replicated. Most likely it is only in schematics
04-22 15:27:58 com_github_MitjaNemec_ReplicateLayout.replicate_layout 132:Footprint MTH5 does not have Sheetfile property, it will not be replicated. Most likely it is only in schematics
04-22 15:27:58 com_github_MitjaNemec_ReplicateLayout.replicate_layout 132:Footprint MTH4 does not have Sheetfile property, it will not be replicated. Most likely it is only in schematics
04-22 15:27:58 com_github_MitjaNemec_ReplicateLayout.replicate_layout 132:Footprint MTH1 does not have Sheetfile property, it will not be replicated. Most likely it is only in schematics
04-22 15:27:58 com_github_MitjaNemec_ReplicateLayout.replicate_layout 132:Footprint MTH2 does not have Sheetfile property, it will not be replicated. Most likely it is only in schematics
04-22 15:27:58 com_github_MitjaNemec_ReplicateLayout.replicate_layout 132:Footprint MTH6 does not have Sheetfile property, it will not be replicated. Most likely it is only in schematics
04-22 15:27:58 com_github_MitjaNemec_ReplicateLayout.action_replicate_layout 435:source anchor footprint is 'D7'
Located on: ['AnalogR_Divider5']
With filenames: ['AnalogR_Divider.kicad_sch']
With sheet_id:['AnalogR_Divider5']
04-22 15:27:58 com_github_MitjaNemec_ReplicateLayout.action_replicate_layout 442:Corresponding footprints are 
[('D7', ['AnalogR_Divider5']), ('D4', ['AnalogR_Divider2']), ('D5', ['AnalogR_Divider3']), ('D9', ['WaterTsense']), ('D6', ['AnalogR_Divider4']), ('D3', ['AnalogR_Divider1'])]
04-22 15:27:58 com_github_MitjaNemec_ReplicateLayout.action_replicate_layout 454:Showing dialog
04-22 15:27:58 com_github_MitjaNemec_ReplicateLayout.replicate_layout 384:constructing a list of sheets suitable for replication on level:'AnalogR_Divider5', file:'AnalogR_Divider.kicad_sch'
04-22 15:27:58 com_github_MitjaNemec_ReplicateLayout.replicate_layout 421:suitable sheets are:[['AnalogR_Divider1'], ['AnalogR_Divider2'], ['AnalogR_Divider3'], ['AnalogR_Divider4']]
04-22 15:27:58 com_github_MitjaNemec_ReplicateLayout.replicate_layout 1341:Level selected: ['AnalogR_Divider5']
04-22 15:27:58 com_github_MitjaNemec_ReplicateLayout.replicate_layout 1176:Filtering list of tracks
04-22 15:27:58 com_github_MitjaNemec_ReplicateLayout.action_replicate_layout 460:Toolbar position: wx.Point(1498, 133)
04-22 15:27:58 com_github_MitjaNemec_ReplicateLayout.action_replicate_layout 465:Dialog position: wx.Point(1134, 133)
04-22 15:28:14 com_github_MitjaNemec_ReplicateLayout.replicate_layout 384:constructing a list of sheets suitable for replication on level:'AnalogR_Divider5', file:'AnalogR_Divider.kicad_sch'
04-22 15:28:14 com_github_MitjaNemec_ReplicateLayout.replicate_layout 421:suitable sheets are:[['AnalogR_Divider1'], ['AnalogR_Divider2'], ['AnalogR_Divider3'], ['AnalogR_Divider4']]
04-22 15:28:14 com_github_MitjaNemec_ReplicateLayout.action_replicate_layout 207:Replicating layout
04-22 15:28:14 com_github_MitjaNemec_ReplicateLayout.replicate_layout 230:Starting replication of sheets: [['AnalogR_Divider1'], ['AnalogR_Divider2'], ['AnalogR_Divider3'], ['AnalogR_Divider4']]
on level: ['AnalogR_Divider5']
with tracks=True, zone=True, text=True, text=True, intersecting=False, remove=True, locked footprints=False, group_only=False
04-22 15:28:14 root 299:updating GUI message: 'Preparing for replication'
04-22 15:28:14 root 304:updating GUI with: 0
04-22 15:28:14 com_github_MitjaNemec_ReplicateLayout.replicate_layout 300:Getting the list of source footprints
04-22 15:28:14 com_github_MitjaNemec_ReplicateLayout.replicate_layout 310:Getting the list of all the remaining footprints
04-22 15:28:14 com_github_MitjaNemec_ReplicateLayout.replicate_layout 317:Getting source tracks
04-22 15:28:14 com_github_MitjaNemec_ReplicateLayout.replicate_layout 1176:Filtering list of tracks
04-22 15:28:14 com_github_MitjaNemec_ReplicateLayout.replicate_layout 321:Getting source zones
04-22 15:28:14 com_github_MitjaNemec_ReplicateLayout.replicate_layout 325:Getting source text items
04-22 15:28:14 root 304:updating GUI with: 66
04-22 15:28:14 com_github_MitjaNemec_ReplicateLayout.replicate_layout 329:Getting source drawing items
04-22 15:28:14 com_github_MitjaNemec_ReplicateLayout.replicate_layout 262:Removing tracks and zones, before footprint placement
04-22 15:28:14 root 299:updating GUI message: 'Removing zones and tracks'
04-22 15:28:14 com_github_MitjaNemec_ReplicateLayout.replicate_layout 1122:Remove bounding box top:-35681000, bottom:-20669500, Left:147739000, Right:151301000
04-22 15:28:14 com_github_MitjaNemec_ReplicateLayout.replicate_layout 1122:Remove bounding box top:-35681000, bottom:-20669500, Left:156248000, Right:159810000
04-22 15:28:14 root 304:updating GUI with: 50
04-22 15:28:14 com_github_MitjaNemec_ReplicateLayout.replicate_layout 1122:Remove bounding box top:-35681000, bottom:-20669500, Left:165011000, Right:168573000
04-22 15:28:14 com_github_MitjaNemec_ReplicateLayout.replicate_layout 1122:Remove bounding box top:-35681000, bottom:-20669500, Left:173139000, Right:176701000
04-22 15:28:14 root 299:updating GUI message: 'Replicating footprints'
04-22 15:28:14 root 304:updating GUI with: 0
04-22 15:28:14 com_github_MitjaNemec_ReplicateLayout.replicate_layout 733:Replicating footprints
04-22 15:28:14 com_github_MitjaNemec_ReplicateLayout.replicate_layout 739:Replicating footprints on sheet ['AnalogR_Divider1']
04-22 15:28:14 com_github_MitjaNemec_ReplicateLayout.replicate_layout 739:Replicating footprints on sheet ['AnalogR_Divider2']
04-22 15:28:14 com_github_MitjaNemec_ReplicateLayout.replicate_layout 739:Replicating footprints on sheet ['AnalogR_Divider3']
04-22 15:28:14 com_github_MitjaNemec_ReplicateLayout.replicate_layout 739:Replicating footprints on sheet ['AnalogR_Divider4']
04-22 15:28:14 com_github_MitjaNemec_ReplicateLayout.replicate_layout 270:Removing tracks and zones, after footprint placement
04-22 15:28:14 root 299:updating GUI message: 'Removing zones and tracks'
04-22 15:28:14 com_github_MitjaNemec_ReplicateLayout.replicate_layout 1122:Remove bounding box top:-35681000, bottom:-20669500, Left:147739000, Right:151301000
04-22 15:28:14 com_github_MitjaNemec_ReplicateLayout.replicate_layout 1122:Remove bounding box top:-35681000, bottom:-20669500, Left:156248000, Right:159810000
04-22 15:28:14 root 304:updating GUI with: 50
04-22 15:28:14 com_github_MitjaNemec_ReplicateLayout.replicate_layout 1122:Remove bounding box top:-35681000, bottom:-20669500, Left:165011000, Right:168573000
04-22 15:28:14 com_github_MitjaNemec_ReplicateLayout.replicate_layout 1122:Remove bounding box top:-35681000, bottom:-20669500, Left:173139000, Right:176701000
04-22 15:28:14 root 299:updating GUI message: 'Replicating tracks'
04-22 15:28:14 com_github_MitjaNemec_ReplicateLayout.replicate_layout 898:Replicating tracks
04-22 15:28:14 root 304:updating GUI with: 0
04-22 15:28:14 com_github_MitjaNemec_ReplicateLayout.replicate_layout 904:Replicating tracks on sheet ['AnalogR_Divider1']
04-22 15:28:14 com_github_MitjaNemec_ReplicateLayout.replicate_layout 728:Net pairs for sheet ['AnalogR_Divider1'] :[('fuel_level', 'sensor_R_1'), ('GND', 'GND'), ('REG_3.3V+', 'REG_3.3V+'), ('Net-(Q7-B)', 'Net-(Q3-B)'), ('Net-(Q7-E)', 'Net-(Q3-E)'), ('FUEL_LVL_Rsense', 'AnalogR_1')]
04-22 15:28:14 com_github_MitjaNemec_ReplicateLayout.replicate_layout 904:Replicating tracks on sheet ['AnalogR_Divider2']
04-22 15:28:14 com_github_MitjaNemec_ReplicateLayout.replicate_layout 728:Net pairs for sheet ['AnalogR_Divider2'] :[('Net-(Q7-B)', 'Net-(Q4-B)'), ('GND', 'GND'), ('REG_3.3V+', 'REG_3.3V+'), ('Net-(Q7-E)', 'Net-(Q4-E)'), ('FUEL_LVL_Rsense', 'AnalogR_2'), ('fuel_level', 'sensor_R_2')]
04-22 15:28:14 com_github_MitjaNemec_ReplicateLayout.replicate_layout 904:Replicating tracks on sheet ['AnalogR_Divider3']
04-22 15:28:14 com_github_MitjaNemec_ReplicateLayout.replicate_layout 728:Net pairs for sheet ['AnalogR_Divider3'] :[('fuel_level', 'sensor_R_3'), ('Net-(Q7-E)', 'Net-(Q5-E)'), ('GND', 'GND'), ('REG_3.3V+', 'REG_3.3V+'), ('Net-(Q7-B)', 'Net-(Q5-B)'), ('FUEL_LVL_Rsense', 'AnalogR_3')]
04-22 15:28:14 com_github_MitjaNemec_ReplicateLayout.replicate_layout 904:Replicating tracks on sheet ['AnalogR_Divider4']
04-22 15:28:14 com_github_MitjaNemec_ReplicateLayout.replicate_layout 728:Net pairs for sheet ['AnalogR_Divider4'] :[('GND', 'GND'), ('Net-(Q7-B)', 'Net-(Q6-B)'), ('REG_3.3V+', 'REG_3.3V+'), ('FUEL_LVL_Rsense', 'AnalogR_4'), ('fuel_level', 'sensor_R_4'), ('Net-(Q7-E)', 'Net-(Q6-E)')]
04-22 15:28:14 root 299:updating GUI message: 'Replicating zones'
04-22 15:28:14 com_github_MitjaNemec_ReplicateLayout.replicate_layout 956:Replicating zones
04-22 15:28:14 com_github_MitjaNemec_ReplicateLayout.replicate_layout 963:Replicating zones on sheet ['AnalogR_Divider1']
04-22 15:28:14 com_github_MitjaNemec_ReplicateLayout.replicate_layout 728:Net pairs for sheet ['AnalogR_Divider1'] :[('fuel_level', 'sensor_R_1'), ('GND', 'GND'), ('REG_3.3V+', 'REG_3.3V+'), ('Net-(Q7-B)', 'Net-(Q3-B)'), ('Net-(Q7-E)', 'Net-(Q3-E)'), ('FUEL_LVL_Rsense', 'AnalogR_1')]
04-22 15:28:14 com_github_MitjaNemec_ReplicateLayout.replicate_layout 963:Replicating zones on sheet ['AnalogR_Divider2']
04-22 15:28:14 com_github_MitjaNemec_ReplicateLayout.replicate_layout 728:Net pairs for sheet ['AnalogR_Divider2'] :[('Net-(Q7-B)', 'Net-(Q4-B)'), ('GND', 'GND'), ('REG_3.3V+', 'REG_3.3V+'), ('Net-(Q7-E)', 'Net-(Q4-E)'), ('FUEL_LVL_Rsense', 'AnalogR_2'), ('fuel_level', 'sensor_R_2')]
04-22 15:28:14 com_github_MitjaNemec_ReplicateLayout.replicate_layout 963:Replicating zones on sheet ['AnalogR_Divider3']
04-22 15:28:14 com_github_MitjaNemec_ReplicateLayout.replicate_layout 728:Net pairs for sheet ['AnalogR_Divider3'] :[('fuel_level', 'sensor_R_3'), ('Net-(Q7-E)', 'Net-(Q5-E)'), ('GND', 'GND'), ('REG_3.3V+', 'REG_3.3V+'), ('Net-(Q7-B)', 'Net-(Q5-B)'), ('FUEL_LVL_Rsense', 'AnalogR_3')]
04-22 15:28:14 com_github_MitjaNemec_ReplicateLayout.replicate_layout 963:Replicating zones on sheet ['AnalogR_Divider4']
04-22 15:28:14 com_github_MitjaNemec_ReplicateLayout.replicate_layout 728:Net pairs for sheet ['AnalogR_Divider4'] :[('GND', 'GND'), ('Net-(Q7-B)', 'Net-(Q6-B)'), ('REG_3.3V+', 'REG_3.3V+'), ('FUEL_LVL_Rsense', 'AnalogR_4'), ('fuel_level', 'sensor_R_4'), ('Net-(Q7-E)', 'Net-(Q6-E)')]
04-22 15:28:14 root 299:updating GUI message: 'Replicating text'
04-22 15:28:14 com_github_MitjaNemec_ReplicateLayout.replicate_layout 1034:Replicating text
04-22 15:28:14 com_github_MitjaNemec_ReplicateLayout.replicate_layout 1041:Replicating text on sheet ['AnalogR_Divider1']
04-22 15:28:14 com_github_MitjaNemec_ReplicateLayout.replicate_layout 1041:Replicating text on sheet ['AnalogR_Divider2']
04-22 15:28:14 com_github_MitjaNemec_ReplicateLayout.replicate_layout 1041:Replicating text on sheet ['AnalogR_Divider3']
04-22 15:28:14 com_github_MitjaNemec_ReplicateLayout.replicate_layout 1041:Replicating text on sheet ['AnalogR_Divider4']
04-22 15:28:14 root 299:updating GUI message: 'Replicating drawings'
04-22 15:28:14 com_github_MitjaNemec_ReplicateLayout.replicate_layout 1074:Replicating drawings
04-22 15:28:14 com_github_MitjaNemec_ReplicateLayout.replicate_layout 1080:Replicating drawings on sheet ['AnalogR_Divider1']
04-22 15:28:14 com_github_MitjaNemec_ReplicateLayout.replicate_layout 1080:Replicating drawings on sheet ['AnalogR_Divider2']
04-22 15:28:14 com_github_MitjaNemec_ReplicateLayout.replicate_layout 1080:Replicating drawings on sheet ['AnalogR_Divider3']
04-22 15:28:14 com_github_MitjaNemec_ReplicateLayout.replicate_layout 1080:Replicating drawings on sheet ['AnalogR_Divider4']
04-22 15:28:14 root 299:updating GUI message: 'Removing duplicates'
04-22 15:28:15 com_github_MitjaNemec_ReplicateLayout.action_replicate_layout 223:Replication complete
